2025-08-16 07:26:42 Authorization header: Bearer eyJhbGciOiJIUzM4NCIsInR5cCI6IkpXVCJ9.eyJjbGllbnRJZCI6IkNGMTA3MzA1NDdEMkcyMDMwMDI2S0M3M0JERVIyRyIsImFjY291bnRJZCI6MTQyNjAzMCwic2lnbmF0dXJlQ2hlY2siOmZhbHNlLCJpcCI6IjEwMy4yMTEuMjAyLjIzMSIsImFnZW50IjoiUEFZT1VUIiwiY2hhbm5lbCI6IiIsImFnZW50SWQiOjE0MjYwMzAsImtpZCI6IkNGMTA3MzA1NDdEMkcyMDMwMDI2S0M3M0JERVIyRyIsImVuYWJsZUFwaSI6dHJ1ZSwiZXhwIjoxNzU1MzI5NzUzLCJpYXQiOjE3NTUzMjkxNTMsInN1YiI6IlBBWU9VVEFQSV9BVVRIIn0.PpTtozCWrMdIXmFIfNokVCXjzmPUle6drYfctp1H32KO2w369dR6Vq8BnC-b4LB-
2025-08-16 07:26:42 Token: eyJhbGciOiJIUzM4NCIsInR5cCI6IkpXVCJ9.eyJjbGllbnRJZCI6IkNGMTA3MzA1NDdEMkcyMDMwMDI2S0M3M0JERVIyRyIsImFjY291bnRJZCI6MTQyNjAzMCwic2lnbmF0dXJlQ2hlY2siOmZhbHNlLCJpcCI6IjEwMy4yMTEuMjAyLjIzMSIsImFnZW50IjoiUEFZT1VUIiwiY2hhbm5lbCI6IiIsImFnZW50SWQiOjE0MjYwMzAsImtpZCI6IkNGMTA3MzA1NDdEMkcyMDMwMDI2S0M3M0JERVIyRyIsImVuYWJsZUFwaSI6dHJ1ZSwiZXhwIjoxNzU1MzI5NzUzLCJpYXQiOjE3NTUzMjkxNTMsInN1YiI6IlBBWU9VVEFQSV9BVVRIIn0.PpTtozCWrMdIXmFIfNokVCXjzmPUle6drYfctp1H32KO2w369dR6Vq8BnC-b4LB-
2025-08-16 07:26:42 cURL error: 
2025-08-16 07:26:42 HTTP code: 200
2025-08-16 07:26:42 Cashfree response: {"subCode":"403","message":"Token is not valid","status":"ERROR"}
2025-08-16 07:34:32 Authorization header: Bearer eyJhbGciOiJIUzM4NCIsInR5cCI6IkpXVCJ9.eyJjbGllbnRJZCI6IkNGMTA3MzA1NDdEMkcyMDMwMDI2S0M3M0JERVIyRyIsImFjY291bnRJZCI6MTQyNjAzMCwic2lnbmF0dXJlQ2hlY2siOmZhbHNlLCJpcCI6IjEwMy4yMTEuMjAyLjIzMSIsImFnZW50IjoiUEFZT1VUIiwiY2hhbm5lbCI6IiIsImFnZW50SWQiOjE0MjYwMzAsImtpZCI6IkNGMTA3MzA1NDdEMkcyMDMwMDI2S0M3M0JERVIyRyIsImVuYWJsZUFwaSI6dHJ1ZSwiZXhwIjoxNzU1MzMwMjE0LCJpYXQiOjE3NTUzMjk2MTQsInN1YiI6IlBBWU9VVEFQSV9BVVRIIn0.d2Rau79Eq8-ll8HCOWiBQF4TM16pDLP48FEC_SIF35XPVPIG85f0xScN6QV8scyI
2025-08-16 07:34:32 Token: eyJhbGciOiJIUzM4NCIsInR5cCI6IkpXVCJ9.eyJjbGllbnRJZCI6IkNGMTA3MzA1NDdEMkcyMDMwMDI2S0M3M0JERVIyRyIsImFjY291bnRJZCI6MTQyNjAzMCwic2lnbmF0dXJlQ2hlY2siOmZhbHNlLCJpcCI6IjEwMy4yMTEuMjAyLjIzMSIsImFnZW50IjoiUEFZT1VUIiwiY2hhbm5lbCI6IiIsImFnZW50SWQiOjE0MjYwMzAsImtpZCI6IkNGMTA3MzA1NDdEMkcyMDMwMDI2S0M3M0JERVIyRyIsImVuYWJsZUFwaSI6dHJ1ZSwiZXhwIjoxNzU1MzMwMjE0LCJpYXQiOjE3NTUzMjk2MTQsInN1YiI6IlBBWU9VVEFQSV9BVVRIIn0.d2Rau79Eq8-ll8HCOWiBQF4TM16pDLP48FEC_SIF35XPVPIG85f0xScN6QV8scyI
2025-08-16 07:34:37 cURL error: 
2025-08-16 07:34:37 HTTP code: 200
2025-08-16 07:34:37 Cashfree response: {"message":"Token is not valid","status":"ERROR","subCode":"403"}
2025-08-16 07:40:09 Authorization header: Bearer eyJhbGciOiJIUzM4NCIsInR5cCI6IkpXVCJ9.eyJjbGllbnRJZCI6IkNGMTA3MzA1NDdEMkcyMDMwMDI2S0M3M0JERVIyRyIsImFjY291bnRJZCI6MTQyNjAzMCwic2lnbmF0dXJlQ2hlY2siOmZhbHNlLCJpcCI6IjEwMy4yMTEuMjAyLjIzMSIsImFnZW50IjoiUEFZT1VUIiwiY2hhbm5lbCI6IiIsImFnZW50SWQiOjE0MjYwMzAsImtpZCI6IkNGMTA3MzA1NDdEMkcyMDMwMDI2S0M3M0JERVIyRyIsImVuYWJsZUFwaSI6dHJ1ZSwiZXhwIjoxNzU1MzMwMjE0LCJpYXQiOjE3NTUzMjk2MTQsInN1YiI6IlBBWU9VVEFQSV9BVVRIIn0.d2Rau79Eq8-ll8HCOWiBQF4TM16pDLP48FEC_SIF35XPVPIG85f0xScN6QV8scyI
2025-08-16 07:40:09 Token: eyJhbGciOiJIUzM4NCIsInR5cCI6IkpXVCJ9.eyJjbGllbnRJZCI6IkNGMTA3MzA1NDdEMkcyMDMwMDI2S0M3M0JERVIyRyIsImFjY291bnRJZCI6MTQyNjAzMCwic2lnbmF0dXJlQ2hlY2siOmZhbHNlLCJpcCI6IjEwMy4yMTEuMjAyLjIzMSIsImFnZW50IjoiUEFZT1VUIiwiY2hhbm5lbCI6IiIsImFnZW50SWQiOjE0MjYwMzAsImtpZCI6IkNGMTA3MzA1NDdEMkcyMDMwMDI2S0M3M0JERVIyRyIsImVuYWJsZUFwaSI6dHJ1ZSwiZXhwIjoxNzU1MzMwMjE0LCJpYXQiOjE3NTUzMjk2MTQsInN1YiI6IlBBWU9VVEFQSV9BVVRIIn0.d2Rau79Eq8-ll8HCOWiBQF4TM16pDLP48FEC_SIF35XPVPIG85f0xScN6QV8scyI
2025-08-16 07:40:14 cURL error: 
2025-08-16 07:40:14 HTTP code: 200
2025-08-16 07:40:14 Cashfree response: {"message":"Token is not valid","status":"ERROR","subCode":"403"}
2025-08-16 07:40:42 Authorization header: Bearer eyJhbGciOiJIUzM4NCIsInR5cCI6IkpXVCJ9.eyJjbGllbnRJZCI6IkNGMTA3MzA1NDdEMkcyMDMwMDI2S0M3M0JERVIyRyIsImFjY291bnRJZCI6MTQyNjAzMCwic2lnbmF0dXJlQ2hlY2siOmZhbHNlLCJpcCI6IjEwMy4yMTEuMjAyLjIzMSIsImFnZW50IjoiUEFZT1VUIiwiY2hhbm5lbCI6IiIsImFnZW50SWQiOjE0MjYwMzAsImtpZCI6IkNGMTA3MzA1NDdEMkcyMDMwMDI2S0M3M0JERVIyRyIsImVuYWJsZUFwaSI6dHJ1ZSwiZXhwIjoxNzU1MzMwMjE0LCJpYXQiOjE3NTUzMjk2MTQsInN1YiI6IlBBWU9VVEFQSV9BVVRIIn0.d2Rau79Eq8-ll8HCOWiBQF4TM16pDLP48FEC_SIF35XPVPIG85f0xScN6QV8scyI
2025-08-16 07:40:42 Token: eyJhbGciOiJIUzM4NCIsInR5cCI6IkpXVCJ9.eyJjbGllbnRJZCI6IkNGMTA3MzA1NDdEMkcyMDMwMDI2S0M3M0JERVIyRyIsImFjY291bnRJZCI6MTQyNjAzMCwic2lnbmF0dXJlQ2hlY2siOmZhbHNlLCJpcCI6IjEwMy4yMTEuMjAyLjIzMSIsImFnZW50IjoiUEFZT1VUIiwiY2hhbm5lbCI6IiIsImFnZW50SWQiOjE0MjYwMzAsImtpZCI6IkNGMTA3MzA1NDdEMkcyMDMwMDI2S0M3M0JERVIyRyIsImVuYWJsZUFwaSI6dHJ1ZSwiZXhwIjoxNzU1MzMwMjE0LCJpYXQiOjE3NTUzMjk2MTQsInN1YiI6IlBBWU9VVEFQSV9BVVRIIn0.d2Rau79Eq8-ll8HCOWiBQF4TM16pDLP48FEC_SIF35XPVPIG85f0xScN6QV8scyI
2025-08-16 07:40:42 cURL error: 
2025-08-16 07:40:42 HTTP code: 200
2025-08-16 07:40:42 Cashfree response: {"message":"Token is not valid","status":"ERROR","subCode":"403"}
2025-08-16 10:24:06 Authorization header: Bearer eyJhbGciOiJIUzM4NCIsInR5cCI6IkpXVCJ9.eyJjbGllbnRJZCI6IkNGMTA3MzA1NDdEMkcyMDMwMDI2S0M3M0JERVIyRyIsImFjY291bnRJZCI6MTQyNjAzMCwic2lnbmF0dXJlQ2hlY2siOmZhbHNlLCJpcCI6IjEwMy4yMTEuMjAyLjIzMSIsImFnZW50IjoiUEFZT1VUIiwiY2hhbm5lbCI6IiIsImFnZW50SWQiOjE0MjYwMzAsImtpZCI6IkNGMTA3MzA1NDdEMkcyMDMwMDI2S0M3M0JERVIyRyIsImVuYWJsZUFwaSI6dHJ1ZSwiZXhwIjoxNzU1MzQwNDM1LCJpYXQiOjE3NTUzMzk4MzUsInN1YiI6IlBBWU9VVEFQSV9BVVRIIn0.rbYK6qXVA4_BCnDLJuG2gDmu_dXZoqk-0T1vc897NfGWIg42OCHcK6ZhZYRC59kF
2025-08-16 10:24:06 Token: eyJhbGciOiJIUzM4NCIsInR5cCI6IkpXVCJ9.eyJjbGllbnRJZCI6IkNGMTA3MzA1NDdEMkcyMDMwMDI2S0M3M0JERVIyRyIsImFjY291bnRJZCI6MTQyNjAzMCwic2lnbmF0dXJlQ2hlY2siOmZhbHNlLCJpcCI6IjEwMy4yMTEuMjAyLjIzMSIsImFnZW50IjoiUEFZT1VUIiwiY2hhbm5lbCI6IiIsImFnZW50SWQiOjE0MjYwMzAsImtpZCI6IkNGMTA3MzA1NDdEMkcyMDMwMDI2S0M3M0JERVIyRyIsImVuYWJsZUFwaSI6dHJ1ZSwiZXhwIjoxNzU1MzQwNDM1LCJpYXQiOjE3NTUzMzk4MzUsInN1YiI6IlBBWU9VVEFQSV9BVVRIIn0.rbYK6qXVA4_BCnDLJuG2gDmu_dXZoqk-0T1vc897NfGWIg42OCHcK6ZhZYRC59kF
2025-08-16 10:24:06 cURL error: 
2025-08-16 10:24:06 HTTP code: 200
2025-08-16 10:24:06 Cashfree response: {"subCode":"403","message":"Token is not valid","status":"ERROR"}
2025-08-16 10:35:47 Authorization header: Bearer Bearer eyJhbGciOiJIUzM4NCIsInR5cCI6IkpXVCJ9.eyJjbGllbnRJZCI6IkNGMjAyNjBDTDBFM00wSk81UktTN0tPRzA1RyIsImFjY291bnRJZCI6NDc0NTI5LCJzaWduYXR1cmVDaGVjayI6ZmFsc2UsImlwIjoiIiwiYWdlbnQiOiJQQVlPVVQiLCJjaGFubmVsIjoiIiwiYWdlbnRJZCI6NDc0NTI5LCJraWQiOiJDRjIwMjYwQ0wwRTNNMEpPNVJLUzdLT0cwNUciLCJlbmFibGVBcGkiOnRydWUsImV4cCI6MTc1NTM0MDU5OSwiaWF0IjoxNzU1MzM5OTk5LCJzdWIiOiJQQVlPVVRBUElfQVVUSCJ9.KPpCjCnTVNLAcfesiFH0tNjmqn1irqLWKOImQatCRZeq85_B8_E_UKKGi9Bl9xB_
2025-08-16 10:35:47 Token: eyJhbGciOiJIUzM4NCIsInR5cCI6IkpXVCJ9.eyJjbGllbnRJZCI6IkNGMjAyNjBDTDBFM00wSk81UktTN0tPRzA1RyIsImFjY291bnRJZCI6NDc0NTI5LCJzaWduYXR1cmVDaGVjayI6ZmFsc2UsImlwIjoiIiwiYWdlbnQiOiJQQVlPVVQiLCJjaGFubmVsIjoiIiwiYWdlbnRJZCI6NDc0NTI5LCJraWQiOiJDRjIwMjYwQ0wwRTNNMEpPNVJLUzdLT0cwNUciLCJlbmFibGVBcGkiOnRydWUsImV4cCI6MTc1NTM0MDU5OSwiaWF0IjoxNzU1MzM5OTk5LCJzdWIiOiJQQVlPVVRBUElfQVVUSCJ9.KPpCjCnTVNLAcfesiFH0tNjmqn1irqLWKOImQatCRZeq85_B8_E_UKKGi9Bl9xB_
2025-08-16 10:35:52 cURL error: 
2025-08-16 10:35:52 HTTP code: 200
2025-08-16 10:35:52 Cashfree response: {"subCode":"403","message":"Token is not valid","status":"ERROR"}
2025-08-18 05:56:59 Authorization header: Bearer eyJhbGciOiJIUzM4NCIsInR5cCI6IkpXVCJ9.eyJjbGllbnRJZCI6IkNGMTA3MzA1NDdEMkcyMDMwMDI2S0M3M0JERVIyRyIsImFjY291bnRJZCI6MTQyNjAzMCwic2lnbmF0dXJlQ2hlY2siOmZhbHNlLCJpcCI6IjEwMy4yMTEuMjAyLjIzMSIsImFnZW50IjoiUEFZT1VUIiwiY2hhbm5lbCI6IiIsImFnZW50SWQiOjE0MjYwMzAsImtpZCI6IkNGMTA3MzA1NDdEMkcyMDMwMDI2S0M3M0JERVIyRyIsImVuYWJsZUFwaSI6dHJ1ZSwiZXhwIjoxNzU1NDk3MTg3LCJpYXQiOjE3NTU0OTY1ODcsInN1YiI6IlBBWU9VVEFQSV9BVVRIIn0.5KHy_lNHT72CUtQJOhBjUPOvOD9L1aNDC8ADGG3sJn-Imis3q16uJf0VMk3roskq
2025-08-18 05:56:59 Token: eyJhbGciOiJIUzM4NCIsInR5cCI6IkpXVCJ9.eyJjbGllbnRJZCI6IkNGMTA3MzA1NDdEMkcyMDMwMDI2S0M3M0JERVIyRyIsImFjY291bnRJZCI6MTQyNjAzMCwic2lnbmF0dXJlQ2hlY2siOmZhbHNlLCJpcCI6IjEwMy4yMTEuMjAyLjIzMSIsImFnZW50IjoiUEFZT1VUIiwiY2hhbm5lbCI6IiIsImFnZW50SWQiOjE0MjYwMzAsImtpZCI6IkNGMTA3MzA1NDdEMkcyMDMwMDI2S0M3M0JERVIyRyIsImVuYWJsZUFwaSI6dHJ1ZSwiZXhwIjoxNzU1NDk3MTg3LCJpYXQiOjE3NTU0OTY1ODcsInN1YiI6IlBBWU9VVEFQSV9BVVRIIn0.5KHy_lNHT72CUtQJOhBjUPOvOD9L1aNDC8ADGG3sJn-Imis3q16uJf0VMk3roskq
2025-08-18 05:56:59 cURL error: 
2025-08-18 05:56:59 HTTP code: 200
2025-08-18 05:56:59 Cashfree response: {"subCode":"403","message":"Token is not valid","status":"ERROR"}
2025-08-18 06:13:28 Authorization header: Bearer eyJhbGciOiJIUzM4NCIsInR5cCI6IkpXVCJ9.eyJjbGllbnRJZCI6IkNGMTA3MzA1NDdEMkcyMDMwMDI2S0M3M0JERVIyRyIsImFjY291bnRJZCI6MTQyNjAzMCwic2lnbmF0dXJlQ2hlY2siOmZhbHNlLCJpcCI6IjQ5LjM2LjI2LjEyMiIsImFnZW50IjoiUEFZT1VUIiwiY2hhbm5lbCI6IiIsImFnZW50SWQiOjE0MjYwMzAsImtpZCI6IkNGMTA3MzA1NDdEMkcyMDMwMDI2S0M3M0JERVIyRyIsImVuYWJsZUFwaSI6dHJ1ZSwiZXhwIjoxNzU1NDk4MTk0LCJpYXQiOjE3NTU0OTc1OTQsInN1YiI6IlBBWU9VVEFQSV9BVVRIIn0.pciEYGfS2lXYn0QiAe1N-tyg1d8u1DfTXu0YysUGkdfUqzPMD01xSIroI6Px8bqO
2025-08-18 06:13:29 Token: eyJhbGciOiJIUzM4NCIsInR5cCI6IkpXVCJ9.eyJjbGllbnRJZCI6IkNGMTA3MzA1NDdEMkcyMDMwMDI2S0M3M0JERVIyRyIsImFjY291bnRJZCI6MTQyNjAzMCwic2lnbmF0dXJlQ2hlY2siOmZhbHNlLCJpcCI6IjQ5LjM2LjI2LjEyMiIsImFnZW50IjoiUEFZT1VUIiwiY2hhbm5lbCI6IiIsImFnZW50SWQiOjE0MjYwMzAsImtpZCI6IkNGMTA3MzA1NDdEMkcyMDMwMDI2S0M3M0JERVIyRyIsImVuYWJsZUFwaSI6dHJ1ZSwiZXhwIjoxNzU1NDk4MTk0LCJpYXQiOjE3NTU0OTc1OTQsInN1YiI6IlBBWU9VVEFQSV9BVVRIIn0.pciEYGfS2lXYn0QiAe1N-tyg1d8u1DfTXu0YysUGkdfUqzPMD01xSIroI6Px8bqO
2025-08-18 06:13:34 cURL error: 
2025-08-18 06:13:34 HTTP code: 200
2025-08-18 06:13:34 Cashfree response: {"subCode":"403","message":"Token is not valid","status":"ERROR"}
2025-08-18 06:15:24 Authorization header: Bearer eyJhbGciOiJIUzM4NCIsInR5cCI6IkpXVCJ9.eyJjbGllbnRJZCI6IkNGMTA3MzA1NDdEMkcyMDMwMDI2S0M3M0JERVIyRyIsImFjY291bnRJZCI6MTQyNjAzMCwic2lnbmF0dXJlQ2hlY2siOmZhbHNlLCJpcCI6IjQ5LjM2LjI2LjEyMiIsImFnZW50IjoiUEFZT1VUIiwiY2hhbm5lbCI6IiIsImFnZW50SWQiOjE0MjYwMzAsImtpZCI6IkNGMTA3MzA1NDdEMkcyMDMwMDI2S0M3M0JERVIyRyIsImVuYWJsZUFwaSI6dHJ1ZSwiZXhwIjoxNzU1NDk4MzA2LCJpYXQiOjE3NTU0OTc3MDYsInN1YiI6IlBBWU9VVEFQSV9BVVRIIn0.K35N3ERdR2BQEK710eQAWLXvVib1oY0w44Dpt1X17bsefRAAUaEYLdNVMeDpjOwv
2025-08-18 06:15:24 Token: eyJhbGciOiJIUzM4NCIsInR5cCI6IkpXVCJ9.eyJjbGllbnRJZCI6IkNGMTA3MzA1NDdEMkcyMDMwMDI2S0M3M0JERVIyRyIsImFjY291bnRJZCI6MTQyNjAzMCwic2lnbmF0dXJlQ2hlY2siOmZhbHNlLCJpcCI6IjQ5LjM2LjI2LjEyMiIsImFnZW50IjoiUEFZT1VUIiwiY2hhbm5lbCI6IiIsImFnZW50SWQiOjE0MjYwMzAsImtpZCI6IkNGMTA3MzA1NDdEMkcyMDMwMDI2S0M3M0JERVIyRyIsImVuYWJsZUFwaSI6dHJ1ZSwiZXhwIjoxNzU1NDk4MzA2LCJpYXQiOjE3NTU0OTc3MDYsInN1YiI6IlBBWU9VVEFQSV9BVVRIIn0.K35N3ERdR2BQEK710eQAWLXvVib1oY0w44Dpt1X17bsefRAAUaEYLdNVMeDpjOwv
2025-08-18 06:15:24 cURL error: 
2025-08-18 06:15:24 HTTP code: 200
2025-08-18 06:15:24 Cashfree response: {"subCode":"403","message":"Token is not valid","status":"ERROR"}
2025-08-18 08:06:31 Authorization header: Bearer eyJhbGciOiJIUzM4NCIsInR5cCI6IkpXVCJ9.eyJjbGllbnRJZCI6IkNGMTA3MzA1NDdEMkcyMDMwMDI2S0M3M0JERVIyRyIsImFjY291bnRJZCI6MTQyNjAzMCwic2lnbmF0dXJlQ2hlY2siOmZhbHNlLCJpcCI6IjQ5LjM2LjI2LjEyMiIsImFnZW50IjoiUEFZT1VUIiwiY2hhbm5lbCI6IiIsImFnZW50SWQiOjE0MjYwMzAsImtpZCI6IkNGMTA3MzA1NDdEMkcyMDMwMDI2S0M3M0JERVIyRyIsImVuYWJsZUFwaSI6dHJ1ZSwiZXhwIjoxNzU1NTAzNjUyLCJpYXQiOjE3NTU1MDMwNTIsInN1YiI6IlBBWU9VVEFQSV9BVVRIIn0.f077v_EqlA65rNiR__gGgB_V9J2tthDM7nzyGTpvodjSpeoj_O6w6KQNzblrVn9u
2025-08-18 08:06:31 Token: eyJhbGciOiJIUzM4NCIsInR5cCI6IkpXVCJ9.eyJjbGllbnRJZCI6IkNGMTA3MzA1NDdEMkcyMDMwMDI2S0M3M0JERVIyRyIsImFjY291bnRJZCI6MTQyNjAzMCwic2lnbmF0dXJlQ2hlY2siOmZhbHNlLCJpcCI6IjQ5LjM2LjI2LjEyMiIsImFnZW50IjoiUEFZT1VUIiwiY2hhbm5lbCI6IiIsImFnZW50SWQiOjE0MjYwMzAsImtpZCI6IkNGMTA3MzA1NDdEMkcyMDMwMDI2S0M3M0JERVIyRyIsImVuYWJsZUFwaSI6dHJ1ZSwiZXhwIjoxNzU1NTAzNjUyLCJpYXQiOjE3NTU1MDMwNTIsInN1YiI6IlBBWU9VVEFQSV9BVVRIIn0.f077v_EqlA65rNiR__gGgB_V9J2tthDM7nzyGTpvodjSpeoj_O6w6KQNzblrVn9u
2025-08-18 08:06:31 cURL error: 
2025-08-18 08:06:31 HTTP code: 200
2025-08-18 08:06:31 Cashfree response: {"status":"ERROR","subCode":"403","message":"Token is not valid"}
2025-08-18 08:06:45 Authorization header: Bearer eyJhbGciOiJIUzM4NCIsInR5cCI6IkpXVCJ9.eyJjbGllbnRJZCI6IkNGMTA3MzA1NDdEMkcyMDMwMDI2S0M3M0JERVIyRyIsImFjY291bnRJZCI6MTQyNjAzMCwic2lnbmF0dXJlQ2hlY2siOmZhbHNlLCJpcCI6IjEwMy4yMTEuMjAyLjIzMSIsImFnZW50IjoiUEFZT1VUIiwiY2hhbm5lbCI6IiIsImFnZW50SWQiOjE0MjYwMzAsImtpZCI6IkNGMTA3MzA1NDdEMkcyMDMwMDI2S0M3M0JERVIyRyIsImVuYWJsZUFwaSI6dHJ1ZSwiZXhwIjoxNzU1NTA0OTk1LCJpYXQiOjE3NTU1MDQzOTUsInN1YiI6IlBBWU9VVEFQSV9BVVRIIn0.WDM7nGzx0Af28MS3RZvh8N6Rn1IWNq5XBqwg0PTUO8Ka3oECw-IMtUPDDo3frlXy
2025-08-18 08:06:45 Token: eyJhbGciOiJIUzM4NCIsInR5cCI6IkpXVCJ9.eyJjbGllbnRJZCI6IkNGMTA3MzA1NDdEMkcyMDMwMDI2S0M3M0JERVIyRyIsImFjY291bnRJZCI6MTQyNjAzMCwic2lnbmF0dXJlQ2hlY2siOmZhbHNlLCJpcCI6IjEwMy4yMTEuMjAyLjIzMSIsImFnZW50IjoiUEFZT1VUIiwiY2hhbm5lbCI6IiIsImFnZW50SWQiOjE0MjYwMzAsImtpZCI6IkNGMTA3MzA1NDdEMkcyMDMwMDI2S0M3M0JERVIyRyIsImVuYWJsZUFwaSI6dHJ1ZSwiZXhwIjoxNzU1NTA0OTk1LCJpYXQiOjE3NTU1MDQzOTUsInN1YiI6IlBBWU9VVEFQSV9BVVRIIn0.WDM7nGzx0Af28MS3RZvh8N6Rn1IWNq5XBqwg0PTUO8Ka3oECw-IMtUPDDo3frlXy
2025-08-18 08:06:45 cURL error: 
2025-08-18 08:06:45 HTTP code: 200
2025-08-18 08:06:45 Cashfree response: {"status":"SUCCESS","subCode":"200","message":"Token is valid"}

2025-08-18 10:31:01 Authorization header: Bearer eyJhbGciOiJIUzM4NCIsInR5cCI6IkpXVCJ9.eyJjbGllbnRJZCI6IkNGMTA3MzA1NDdEMkcyMDMwMDI2S0M3M0JERVIyRyIsImFjY291bnRJZCI6MTQyNjAzMCwic2lnbmF0dXJlQ2hlY2siOmZhbHNlLCJpcCI6IjEwMy4yMTEuMjAyLjIzMSIsImFnZW50IjoiUEFZT1VUIiwiY2hhbm5lbCI6IiIsImFnZW50SWQiOjE0MjYwMzAsImtpZCI6IkNGMTA3MzA1NDdEMkcyMDMwMDI2S0M3M0JERVIyRyIsImVuYWJsZUFwaSI6dHJ1ZSwiZXhwIjoxNzU1NTEzNjQ1LCJpYXQiOjE3NTU1MTMwNDUsInN1YiI6IlBBWU9VVEFQSV9BVVRIIn0.RKV3T62HqDLPRbMkQPzQXfT_6FmShgqi1Vtz2SYbISCTDWxgAIuPoN6w7Xt0ZW6A
2025-08-18 10:31:01 Token: eyJhbGciOiJIUzM4NCIsInR5cCI6IkpXVCJ9.eyJjbGllbnRJZCI6IkNGMTA3MzA1NDdEMkcyMDMwMDI2S0M3M0JERVIyRyIsImFjY291bnRJZCI6MTQyNjAzMCwic2lnbmF0dXJlQ2hlY2siOmZhbHNlLCJpcCI6IjEwMy4yMTEuMjAyLjIzMSIsImFnZW50IjoiUEFZT1VUIiwiY2hhbm5lbCI6IiIsImFnZW50SWQiOjE0MjYwMzAsImtpZCI6IkNGMTA3MzA1NDdEMkcyMDMwMDI2S0M3M0JERVIyRyIsImVuYWJsZUFwaSI6dHJ1ZSwiZXhwIjoxNzU1NTEzNjQ1LCJpYXQiOjE3NTU1MTMwNDUsInN1YiI6IlBBWU9VVEFQSV9BVVRIIn0.RKV3T62HqDLPRbMkQPzQXfT_6FmShgqi1Vtz2SYbISCTDWxgAIuPoN6w7Xt0ZW6A
2025-08-18 10:31:01 cURL error: 
2025-08-18 10:31:01 HTTP code: 200
2025-08-18 10:31:01 Cashfree response: {"status":"SUCCESS","subCode":"200","message":"Token is valid"}

2025-08-19 06:12:36 Authorization header: Bearer eyJhbGciOiJIUzM4NCIsInR5cCI6IkpXVCJ9.eyJjbGllbnRJZCI6IkNGMTA3MzA1NDdEMkcyMDMwMDI2S0M3M0JERVIyRyIsImFjY291bnRJZCI6MTQyNjAzMCwic2lnbmF0dXJlQ2hlY2siOmZhbHNlLCJpcCI6IjEwMy4yMTEuMjAyLjIzMSIsImFnZW50IjoiUEFZT1VUIiwiY2hhbm5lbCI6IiIsImFnZW50SWQiOjE0MjYwMzAsImtpZCI6IkNGMTA3MzA1NDdEMkcyMDMwMDI2S0M3M0JERVIyRyIsImVuYWJsZUFwaSI6dHJ1ZSwiZXhwIjoxNzU1NTg0NTM1LCJpYXQiOjE3NTU1ODM5MzUsInN1YiI6IlBBWU9VVEFQSV9BVVRIIn0.RyUE-F9x7eKvNpavCIkX8z4nYQEscusc90ggxVaIZoCNZGKYC1TV85Xd1FQFzxt8
2025-08-19 06:12:36 Token: eyJhbGciOiJIUzM4NCIsInR5cCI6IkpXVCJ9.eyJjbGllbnRJZCI6IkNGMTA3MzA1NDdEMkcyMDMwMDI2S0M3M0JERVIyRyIsImFjY291bnRJZCI6MTQyNjAzMCwic2lnbmF0dXJlQ2hlY2siOmZhbHNlLCJpcCI6IjEwMy4yMTEuMjAyLjIzMSIsImFnZW50IjoiUEFZT1VUIiwiY2hhbm5lbCI6IiIsImFnZW50SWQiOjE0MjYwMzAsImtpZCI6IkNGMTA3MzA1NDdEMkcyMDMwMDI2S0M3M0JERVIyRyIsImVuYWJsZUFwaSI6dHJ1ZSwiZXhwIjoxNzU1NTg0NTM1LCJpYXQiOjE3NTU1ODM5MzUsInN1YiI6IlBBWU9VVEFQSV9BVVRIIn0.RyUE-F9x7eKvNpavCIkX8z4nYQEscusc90ggxVaIZoCNZGKYC1TV85Xd1FQFzxt8
2025-08-19 06:12:36 cURL error: 
2025-08-19 06:12:36 HTTP code: 200
2025-08-19 06:12:36 Cashfree response: {"status":"SUCCESS","subCode":"200","message":"Token is valid"}

2025-08-24 19:29:55 Authorization header: 
2025-08-24 19:29:55 Missing or invalid Authorization header
2025-08-25 03:53:07 Authorization header: 
2025-08-25 03:53:07 Missing or invalid Authorization header
2025-09-02 14:24:17 Authorization header: 
2025-09-02 14:24:17 Missing or invalid Authorization header
2025-09-02 15:51:31 Authorization header: 
2025-09-02 15:51:31 Missing or invalid Authorization header
2025-09-04 19:36:58 Authorization header: 
2025-09-04 19:36:58 Missing or invalid Authorization header
2025-09-09 22:26:06 Authorization header: 
2025-09-09 22:26:06 Missing or invalid Authorization header
2025-09-09 23:05:25 Authorization header: 
2025-09-09 23:05:25 Missing or invalid Authorization header
2025-09-11 10:10:54 Authorization header: 
2025-09-11 10:10:54 Missing or invalid Authorization header
2025-09-11 10:11:02 Authorization header: 
2025-09-11 10:11:02 Missing or invalid Authorization header
2025-09-22 14:06:11 Authorization header: 
2025-09-22 14:06:11 Missing or invalid Authorization header
2025-09-22 14:06:18 Authorization header: 
2025-09-22 14:06:18 Missing or invalid Authorization header
2025-09-27 06:39:06 Authorization header: 
2025-09-27 06:39:06 Missing or invalid Authorization header
2025-10-03 11:26:08 Authorization header: 
2025-10-03 11:26:08 Missing or invalid Authorization header
2025-10-03 11:26:53 Authorization header: 
2025-10-03 11:26:53 Missing or invalid Authorization header
2025-10-04 08:01:21 Authorization header: 
2025-10-04 08:01:21 Missing or invalid Authorization header
2025-10-04 14:50:34 Authorization header: 
2025-10-04 14:50:34 Missing or invalid Authorization header
2025-10-14 09:48:34 Authorization header: 
2025-10-14 09:48:34 Missing or invalid Authorization header
2025-10-14 09:50:02 Authorization header: 
2025-10-14 09:50:02 Missing or invalid Authorization header
2025-10-25 10:10:11 Authorization header: 
2025-10-25 10:10:11 Missing or invalid Authorization header
2025-10-25 10:12:31 Authorization header: 
2025-10-25 10:12:31 Missing or invalid Authorization header
2025-10-25 22:38:14 Authorization header: 
2025-10-25 22:38:14 Missing or invalid Authorization header
2025-10-31 18:25:28 Authorization header: 
2025-10-31 18:25:28 Missing or invalid Authorization header
2025-11-02 23:55:33 Authorization header: 
2025-11-02 23:55:33 Missing or invalid Authorization header
2025-11-03 00:19:24 Authorization header: 
2025-11-03 00:19:24 Missing or invalid Authorization header
2025-11-04 16:27:07 Authorization header: 
2025-11-04 16:27:07 Missing or invalid Authorization header
2025-11-04 16:28:45 Authorization header: 
2025-11-04 16:28:45 Missing or invalid Authorization header
2025-11-05 11:32:08 Authorization header: 
2025-11-05 11:32:08 Missing or invalid Authorization header
2025-11-05 11:34:04 Authorization header: 
2025-11-05 11:34:04 Missing or invalid Authorization header
2025-11-18 02:35:32 Authorization header: 
2025-11-18 02:35:32 Missing or invalid Authorization header
2025-12-03 20:02:10 Authorization header: 
2025-12-03 20:02:10 Missing or invalid Authorization header
2025-12-08 18:47:00 Authorization header: 
2025-12-08 18:47:00 Missing or invalid Authorization header
2025-12-08 18:47:36 Authorization header: 
2025-12-08 18:47:36 Missing or invalid Authorization header
2025-12-09 00:08:44 Authorization header: 
2025-12-09 00:08:44 Missing or invalid Authorization header
2025-12-09 02:10:14 Authorization header: 
2025-12-09 02:10:14 Missing or invalid Authorization header
2025-12-12 10:28:41 Authorization header: 
2025-12-12 10:28:41 Missing or invalid Authorization header
2025-12-17 09:36:36 Authorization header: 
2025-12-17 09:36:36 Missing or invalid Authorization header
2025-12-17 09:38:06 Authorization header: 
2025-12-17 09:38:06 Missing or invalid Authorization header
2025-12-22 17:02:01 Authorization header: 
2025-12-22 17:02:01 Missing or invalid Authorization header
2025-12-22 17:04:29 Authorization header: 
2025-12-22 17:04:29 Missing or invalid Authorization header
2025-12-27 23:06:06 Authorization header: 
2025-12-27 23:06:06 Missing or invalid Authorization header
2025-12-27 23:06:27 Authorization header: 
2025-12-27 23:06:27 Missing or invalid Authorization header
2026-01-02 03:45:32 Authorization header: 
2026-01-02 03:45:32 Missing or invalid Authorization header
2026-01-02 03:46:13 Authorization header: 
2026-01-02 03:46:13 Missing or invalid Authorization header
2026-01-07 07:03:54 Authorization header: 
2026-01-07 07:03:54 Missing or invalid Authorization header
2026-01-07 07:06:53 Authorization header: 
2026-01-07 07:06:53 Missing or invalid Authorization header
2026-01-12 07:53:44 Authorization header: 
2026-01-12 07:53:44 Missing or invalid Authorization header
2026-01-12 08:03:18 Authorization header: 
2026-01-12 08:03:18 Missing or invalid Authorization header
2026-01-14 02:13:08 Authorization header: 
2026-01-14 02:13:08 Missing or invalid Authorization header
2026-01-21 08:46:51 Authorization header: 
2026-01-21 08:46:51 Missing or invalid Authorization header
2026-01-21 10:03:33 Authorization header: 
2026-01-21 10:03:33 Missing or invalid Authorization header
2026-01-23 07:31:59 Authorization header: 
2026-01-23 07:31:59 Missing or invalid Authorization header
2026-01-23 18:31:30 Authorization header: 
2026-01-23 18:31:30 Missing or invalid Authorization header
2026-01-27 10:04:43 Authorization header: 
2026-01-27 10:04:43 Missing or invalid Authorization header
2026-01-27 10:05:57 Authorization header: 
2026-01-27 10:05:57 Missing or invalid Authorization header
2026-01-28 05:53:28 Authorization header: 
2026-01-28 05:53:28 Missing or invalid Authorization header
2026-01-30 20:50:30 Authorization header: 
2026-01-30 20:50:30 Missing or invalid Authorization header
2026-02-16 04:25:34 Authorization header: 
2026-02-16 04:25:34 Missing or invalid Authorization header
2026-02-20 14:48:18 Authorization header: 
2026-02-20 14:48:18 Missing or invalid Authorization header
2026-02-26 21:01:25 Authorization header: 
2026-02-26 21:01:25 Missing or invalid Authorization header
2026-02-28 12:47:44 Authorization header: 
2026-02-28 12:47:45 Missing or invalid Authorization header
2026-03-03 17:19:54 Authorization header: 
2026-03-03 17:19:54 Missing or invalid Authorization header
2026-03-07 18:19:20 Authorization header: 
2026-03-07 18:19:20 Missing or invalid Authorization header
2026-03-13 20:10:02 Authorization header: 
2026-03-13 20:10:02 Missing or invalid Authorization header
2026-03-13 20:11:14 Authorization header: 
2026-03-13 20:11:14 Missing or invalid Authorization header
2026-03-23 07:13:13 Authorization header: 
2026-03-23 07:13:13 Missing or invalid Authorization header
2026-03-27 17:32:02 Authorization header: 
2026-03-27 17:32:02 Missing or invalid Authorization header
2026-03-27 23:08:03 Authorization header: 
2026-03-27 23:08:03 Missing or invalid Authorization header
2026-03-28 11:13:00 Authorization header: 
2026-03-28 11:13:00 Missing or invalid Authorization header
2026-04-01 14:04:27 Authorization header: 
2026-04-01 14:04:27 Missing or invalid Authorization header
2026-04-06 04:34:08 Authorization header: 
2026-04-06 04:34:08 Missing or invalid Authorization header
2026-04-09 06:37:54 Authorization header: 
2026-04-09 06:37:54 Missing or invalid Authorization header
2026-04-10 19:10:25 Authorization header: 
2026-04-10 19:10:25 Missing or invalid Authorization header
2026-04-11 18:19:45 Authorization header: 
2026-04-11 18:19:45 Missing or invalid Authorization header
2026-04-11 18:20:49 Authorization header: 
2026-04-11 18:20:49 Missing or invalid Authorization header
2026-04-11 19:29:17 Authorization header: 
2026-04-11 19:29:17 Missing or invalid Authorization header
2026-04-13 13:22:05 Authorization header: 
2026-04-13 13:22:05 Missing or invalid Authorization header
2026-04-15 10:04:54 Authorization header: 
2026-04-15 10:04:54 Missing or invalid Authorization header
